\BOOKMARK [0][-]{chapter.1}{\376\377\000M\000o\000t\000i\000v\000a\000t\000i\000o\000n\000\040\000a\000n\000d\000\040\000S\000i\000g\000n\000i\000f\000i\000c\000a\000n\000c\000e}{}% 1
\BOOKMARK [1][-]{section.1.1}{\376\377\000S\000o\000f\000t\000w\000a\000r\000e\000\040\000D\000e\000s\000c\000r\000i\000p\000t\000i\000o\000n}{chapter.1}% 2
\BOOKMARK [1][-]{section.1.2}{\376\377\000S\000o\000f\000t\000w\000a\000r\000e\000\040\000F\000u\000n\000c\000t\000i\000o\000n\000a\000l\000i\000t\000i\000e\000s}{chapter.1}% 3
\BOOKMARK [1][-]{section.1.3}{\376\377\000I\000l\000l\000u\000s\000t\000r\000a\000t\000i\000v\000e\000\040\000E\000x\000a\000m\000p\000l\000e\000s}{chapter.1}% 4
\BOOKMARK [1][-]{section.1.4}{\376\377\000C\000u\000r\000r\000e\000n\000t\000\040\000a\000n\000d\000\040\000F\000u\000t\000u\000r\000e\000\040\000D\000e\000v\000e\000l\000o\000p\000m\000e\000n\000t\000s}{chapter.1}% 5
\BOOKMARK [0][-]{chapter.2}{\376\377\000C\000o\000n\000t\000e\000n\000t\000s}{}% 6
\BOOKMARK [1][-]{section.2.1}{\376\377\000f\000s\000p\000s\000i\000m\000\040\000p\000a\000c\000k\000a\000g\000e}{chapter.2}% 7
\BOOKMARK [2][-]{subsection.2.1.1}{\376\377\000S\000u\000b\000p\000a\000c\000k\000a\000g\000e\000s}{section.2.1}% 8
\BOOKMARK [3][-]{subsubsection.2.1.1.1}{\376\377\000f\000s\000p\000s\000i\000m\000.\000u\000t\000i\000l\000s\000\040\000p\000a\000c\000k\000a\000g\000e}{subsection.2.1.1}% 9
\BOOKMARK [4][-]{paragraph.2.1.1.1.1}{\376\377\000S\000u\000b\000m\000o\000d\000u\000l\000e\000s}{subsubsection.2.1.1.1}% 10
\BOOKMARK [4][-]{paragraph.2.1.1.1.2}{\376\377\000f\000s\000p\000s\000i\000m\000.\000u\000t\000i\000l\000s\000.\000C\000o\000n\000v\000e\000r\000s\000i\000o\000n\000s\000\040\000m\000o\000d\000u\000l\000e}{subsubsection.2.1.1.1}% 11
\BOOKMARK [4][-]{paragraph.2.1.1.1.3}{\376\377\000f\000s\000p\000s\000i\000m\000.\000u\000t\000i\000l\000s\000.\000F\000o\000r\000m\000a\000t\000t\000i\000n\000g\000\040\000m\000o\000d\000u\000l\000e}{subsubsection.2.1.1.1}% 12
\BOOKMARK [4][-]{paragraph.2.1.1.1.4}{\376\377\000f\000s\000p\000s\000i\000m\000.\000u\000t\000i\000l\000s\000.\000L\000a\000u\000n\000c\000h\000M\000o\000d\000e\000l\000\040\000m\000o\000d\000u\000l\000e}{subsubsection.2.1.1.1}% 13
\BOOKMARK [4][-]{paragraph.2.1.1.1.5}{\376\377\000f\000s\000p\000s\000i\000m\000.\000u\000t\000i\000l\000s\000.\000P\000r\000o\000p\000a\000g\000a\000t\000o\000r\000s\000\040\000m\000o\000d\000u\000l\000e}{subsubsection.2.1.1.1}% 14
\BOOKMARK [4][-]{paragraph.2.1.1.1.6}{\376\377\000f\000s\000p\000s\000i\000m\000.\000u\000t\000i\000l\000s\000.\000S\000p\000a\000c\000e\000C\000a\000t\000a\000l\000o\000g\000u\000e\000\040\000m\000o\000d\000u\000l\000e}{subsubsection.2.1.1.1}% 15
\BOOKMARK [4][-]{paragraph.2.1.1.1.7}{\376\377\000f\000s\000p\000s\000i\000m\000.\000u\000t\000i\000l\000s\000.\000S\000p\000a\000c\000e\000O\000b\000j\000e\000c\000t\000\040\000m\000o\000d\000u\000l\000e}{subsubsection.2.1.1.1}% 16
\BOOKMARK [4][-]{paragraph.2.1.1.1.8}{\376\377\000M\000o\000d\000u\000l\000e\000\040\000c\000o\000n\000t\000e\000n\000t\000s}{subsubsection.2.1.1.1}% 17
\BOOKMARK [2][-]{subsection.2.1.2}{\376\377\000S\000u\000b\000m\000o\000d\000u\000l\000e\000s}{section.2.1}% 18
\BOOKMARK [2][-]{subsection.2.1.3}{\376\377\000f\000s\000p\000s\000i\000m\000.\000s\000i\000m\000u\000l\000a\000t\000e\000\040\000m\000o\000d\000u\000l\000e}{section.2.1}% 19
\BOOKMARK [2][-]{subsection.2.1.4}{\376\377\000M\000o\000d\000u\000l\000e\000\040\000c\000o\000n\000t\000e\000n\000t\000s}{section.2.1}% 20
\BOOKMARK [0][-]{chapter.3}{\376\377\000I\000n\000d\000i\000c\000e\000s\000\040\000a\000n\000d\000\040\000t\000a\000b\000l\000e\000s}{}% 21
\BOOKMARK [0][-]{section*.118}{\376\377\000P\000y\000t\000h\000o\000n\000\040\000M\000o\000d\000u\000l\000e\000\040\000I\000n\000d\000e\000x}{}% 22
\BOOKMARK [0][-]{section*.119}{\376\377\000I\000n\000d\000e\000x}{}% 23
